# JRE version: OpenJDK Runtime Environment (21.0.5) (build 21.0.5+-12932927-b750.29)
# Java VM: OpenJDK 64-Bit Server VM (21.0.5+-12932927-b750.29, mixed mode, tiered, compressed oops, compressed class ptrs, g1 gc, windows-amd64)
GC Precious Log:
 CardTable entry size: 512
 Card Set container configuration: InlinePtr #cards 5 size 8 Array Of Cards #cards 12 size 40 Howl #buckets 4 coarsen threshold 1843 Howl Bitmap #cards 512 size 80 coarsen threshold 460 Card regions per heap region 1 cards per card region 2048
 CPUs: 8 total, 8 available
 Memory: 16302M
 Large Page Support: Disabled
 NUMA Support: Disabled
 Compressed Oops: Enabled (32-bit)
 Heap Region Size: 1M
 Heap Min Capacity: 8M
 Heap Initial Capacity: 256M
 Heap Max Capacity: 2G
 Pre-touch: Disabled
 Parallel Workers: 8
 Concurrent Workers: 2
 Concurrent Refinement Workers: 8
 Periodic GC: Disabled
Heap:
 garbage-first heap   total 115712K, used 75837K [0x0000000080000000, 0x0000000100000000)
  region size 1024K, 2 young (2048K), 2 survivors (2048K)
 Metaspace       used 61495K, committed 63104K, reserved 1114112K
  class space    used 8268K, committed 9088K, reserved 1048576K
GC Heap History (20 events):
Event: 1.661 GC heap after
{Heap after GC invocations=6 (full 0):
 garbage-first heap   total 82944K, used 23337K [0x0000000080000000, 0x0000000100000000)
  region size 1024K, 11 young (11264K), 11 survivors (11264K)
 Metaspace       used 29358K, committed 29888K, reserved 1114112K
  class space    used 3731K, committed 3968K, reserved 1048576K
}
Event: 1.975 GC heap before
{Heap before GC invocations=6 (full 0):
 garbage-first heap   total 82944K, used 60201K [0x0000000080000000, 0x0000000100000000)
  region size 1024K, 48 young (49152K), 11 survivors (11264K)
 Metaspace       used 34467K, committed 35264K, reserved 1114112K
  class space    used 4610K, committed 4992K, reserved 1048576K
}
Event: 1.979 GC heap after
{Heap after GC invocations=7 (full 0):
 garbage-first heap   total 82944K, used 25737K [0x0000000080000000, 0x0000000100000000)
  region size 1024K, 6 young (6144K), 6 survivors (6144K)
 Metaspace       used 34467K, committed 35264K, reserved 1114112K
  class space    used 4610K, committed 4992K, reserved 1048576K
}
Event: 2.029 GC heap before
{Heap before GC invocations=7 (full 0):
 garbage-first heap   total 82944K, used 44169K [0x0000000080000000, 0x0000000100000000)
  region size 1024K, 13 young (13312K), 6 survivors (6144K)
 Metaspace       used 35060K, committed 35968K, reserved 1114112K
  class space    used 4706K, committed 5184K, reserved 1048576K
}
Event: 2.031 GC heap after
{Heap after GC invocations=8 (full 0):
 garbage-first heap   total 82944K, used 40727K [0x0000000080000000, 0x0000000100000000)
  region size 1024K, 6 young (6144K), 6 survivors (6144K)
 Metaspace       used 35060K, committed 35968K, reserved 1114112K
  class space    used 4706K, committed 5184K, reserved 1048576K
}
Event: 2.278 GC heap before
{Heap before GC invocations=9 (full 0):
 garbage-first heap   total 82944K, used 71447K [0x0000000080000000, 0x0000000100000000)
  region size 1024K, 35 young (35840K), 6 survivors (6144K)
 Metaspace       used 38573K, committed 39616K, reserved 1114112K
  class space    used 5253K, committed 5760K, reserved 1048576K
}
Event: 2.280 GC heap after
{Heap after GC invocations=10 (full 0):
 garbage-first heap   total 82944K, used 44007K [0x0000000080000000, 0x0000000100000000)
  region size 1024K, 5 young (5120K), 5 survivors (5120K)
 Metaspace       used 38573K, committed 39616K, reserved 1114112K
  class space    used 5253K, committed 5760K, reserved 1048576K
}
Event: 2.491 GC heap before
{Heap before GC invocations=10 (full 0):
 garbage-first heap   total 82944K, used 72679K [0x0000000080000000, 0x0000000100000000)
  region size 1024K, 33 young (33792K), 5 survivors (5120K)
 Metaspace       used 42468K, committed 43712K, reserved 1114112K
  class space    used 5885K, committed 6528K, reserved 1048576K
}
Event: 2.494 GC heap after
{Heap after GC invocations=11 (full 0):
 garbage-first heap   total 82944K, used 45220K [0x0000000080000000, 0x0000000100000000)
  region size 1024K, 4 young (4096K), 4 survivors (4096K)
 Metaspace       used 42468K, committed 43712K, reserved 1114112K
  class space    used 5885K, committed 6528K, reserved 1048576K
}
Event: 2.706 GC heap before
{Heap before GC invocations=11 (full 0):
 garbage-first heap   total 82944K, used 71844K [0x0000000080000000, 0x0000000100000000)
  region size 1024K, 31 young (31744K), 4 survivors (4096K)
 Metaspace       used 48288K, committed 49600K, reserved 1114112K
  class space    used 6583K, committed 7232K, reserved 1048576K
}
Event: 2.709 GC heap after
{Heap after GC invocations=12 (full 0):
 garbage-first heap   total 108544K, used 48737K [0x0000000080000000, 0x0000000100000000)
  region size 1024K, 4 young (4096K), 4 survivors (4096K)
 Metaspace       used 48288K, committed 49600K, reserved 1114112K
  class space    used 6583K, committed 7232K, reserved 1048576K
}
Event: 2.982 GC heap before
{Heap before GC invocations=13 (full 0):
 garbage-first heap   total 108544K, used 95841K [0x0000000080000000, 0x0000000100000000)
  region size 1024K, 46 young (47104K), 4 survivors (4096K)
 Metaspace       used 51961K, committed 53376K, reserved 1114112K
  class space    used 6934K, committed 7616K, reserved 1048576K
}
Event: 2.985 GC heap after
{Heap after GC invocations=14 (full 0):
 garbage-first heap   total 108544K, used 52813K [0x0000000080000000, 0x0000000100000000)
  region size 1024K, 6 young (6144K), 6 survivors (6144K)
 Metaspace       used 51961K, committed 53376K, reserved 1114112K
  class space    used 6934K, committed 7616K, reserved 1048576K
}
Event: 3.301 GC heap before
{Heap before GC invocations=14 (full 0):
 garbage-first heap   total 108544K, used 95821K [0x0000000080000000, 0x0000000100000000)
  region size 1024K, 46 young (47104K), 6 survivors (6144K)
 Metaspace       used 56463K, committed 58048K, reserved 1114112K
  class space    used 7680K, committed 8448K, reserved 1048576K
}
Event: 3.304 GC heap after
{Heap after GC invocations=15 (full 0):
 garbage-first heap   total 108544K, used 57877K [0x0000000080000000, 0x0000000100000000)
  region size 1024K, 4 young (4096K), 4 survivors (4096K)
 Metaspace       used 56463K, committed 58048K, reserved 1114112K
  class space    used 7680K, committed 8448K, reserved 1048576K
}
Event: 3.343 GC heap before
{Heap before GC invocations=15 (full 0):
 garbage-first heap   total 108544K, used 66069K [0x0000000080000000, 0x0000000100000000)
  region size 1024K, 13 young (13312K), 4 survivors (4096K)
 Metaspace       used 56599K, committed 58176K, reserved 1114112K
  class space    used 7683K, committed 8448K, reserved 1048576K
}
Event: 3.344 GC heap after
{Heap after GC invocations=16 (full 0):
 garbage-first heap   total 108544K, used 59208K [0x0000000080000000, 0x0000000100000000)
  region size 1024K, 2 young (2048K), 2 survivors (2048K)
 Metaspace       used 56599K, committed 58176K, reserved 1114112K
  class space    used 7683K, committed 8448K, reserved 1048576K
}
Event: 3.497 GC heap before
{Heap before GC invocations=17 (full 0):
 garbage-first heap   total 109568K, used 108360K [0x0000000080000000, 0x0000000100000000)
  region size 1024K, 37 young (37888K), 2 survivors (2048K)
 Metaspace       used 58951K, committed 60608K, reserved 1114112K
  class space    used 7893K, committed 8704K, reserved 1048576K
}
Event: 3.499 GC heap after
{Heap after GC invocations=18 (full 0):
 garbage-first heap   total 115712K, used 75146K [0x0000000080000000, 0x0000000100000000)
  region size 1024K, 5 young (5120K), 5 survivors (5120K)
 Metaspace       used 58951K, committed 60608K, reserved 1114112K
  class space    used 7893K, committed 8704K, reserved 1048576K
}
Event: 3.669 GC heap before
{Heap before GC invocations=18 (full 0):
 garbage-first heap   total 115712K, used 102794K [0x0000000080000000, 0x0000000100000000)
  region size 1024K, 32 young (32768K), 5 survivors (5120K)
 Metaspace       used 61495K, committed 63104K, reserved 1114112K
  class space    used 8268K, committed 9088K, reserved 1048576K
}

