# JRE version: OpenJDK Runtime Environment (21.0.5) (build 21.0.5+-12932927-b750.29)
# Java VM: OpenJDK 64-Bit Server VM (21.0.5+-12932927-b750.29, mixed mode, tiered, compressed oops, compressed class ptrs, g1 gc, windows-amd64)
GC Precious Log:
 CardTable entry size: 512
 Card Set container configuration: InlinePtr #cards 5 size 8 Array Of Cards #cards 12 size 40 Howl #buckets 4 coarsen threshold 1843 Howl Bitmap #cards 512 size 80 coarsen threshold 460 Card regions per heap region 1 cards per card region 2048
 CPUs: 8 total, 8 available
 Memory: 16302M
 Large Page Support: Disabled
 NUMA Support: Disabled
 Compressed Oops: Enabled (32-bit)
 Heap Region Size: 1M
 Heap Min Capacity: 8M
 Heap Initial Capacity: 256M
 Heap Max Capacity: 2G
 Pre-touch: Disabled
 Parallel Workers: 8
 Concurrent Workers: 2
 Concurrent Refinement Workers: 8
 Periodic GC: Disabled
Heap:
 garbage-first heap   total 134144K, used 83710K [0x0000000080000000, 0x0000000100000000)
  region size 1024K, 10 young (10240K), 5 survivors (5120K)
 Metaspace       used 70883K, committed 72640K, reserved 1114112K
  class space    used 9700K, committed 10560K, reserved 1048576K
GC Heap History (20 events):
Event: 2.950 GC heap before
{Heap before GC invocations=9 (full 0):
 garbage-first heap   total 94208K, used 78930K [0x0000000080000000, 0x0000000100000000)
  region size 1024K, 38 young (38912K), 3 survivors (3072K)
 Metaspace       used 39786K, committed 40896K, reserved 1114112K
  class space    used 5462K, committed 6016K, reserved 1048576K
}
Event: 2.951 GC heap after
{Heap after GC invocations=10 (full 0):
 garbage-first heap   total 94208K, used 45106K [0x0000000080000000, 0x0000000100000000)
  region size 1024K, 4 young (4096K), 4 survivors (4096K)
 Metaspace       used 39786K, committed 40896K, reserved 1114112K
  class space    used 5462K, committed 6016K, reserved 1048576K
}
Event: 3.252 GC heap before
{Heap before GC invocations=10 (full 0):
 garbage-first heap   total 94208K, used 79922K [0x0000000080000000, 0x0000000100000000)
  region size 1024K, 39 young (39936K), 4 survivors (4096K)
 Metaspace       used 45247K, committed 46528K, reserved 1114112K
  class space    used 6246K, committed 6848K, reserved 1048576K
}
Event: 3.254 GC heap after
{Heap after GC invocations=11 (full 0):
 garbage-first heap   total 94208K, used 47589K [0x0000000080000000, 0x0000000100000000)
  region size 1024K, 5 young (5120K), 5 survivors (5120K)
 Metaspace       used 45247K, committed 46528K, reserved 1114112K
  class space    used 6246K, committed 6848K, reserved 1048576K
}
Event: 3.446 GC heap before
{Heap before GC invocations=11 (full 0):
 garbage-first heap   total 94208K, used 81381K [0x0000000080000000, 0x0000000100000000)
  region size 1024K, 39 young (39936K), 5 survivors (5120K)
 Metaspace       used 49321K, committed 50624K, reserved 1114112K
  class space    used 6663K, committed 7296K, reserved 1048576K
}
Event: 3.449 GC heap after
{Heap after GC invocations=12 (full 0):
 garbage-first heap   total 94208K, used 51316K [0x0000000080000000, 0x0000000100000000)
  region size 1024K, 4 young (4096K), 4 survivors (4096K)
 Metaspace       used 49321K, committed 50624K, reserved 1114112K
  class space    used 6663K, committed 7296K, reserved 1048576K
}
Event: 3.712 GC heap before
{Heap before GC invocations=13 (full 0):
 garbage-first heap   total 94208K, used 87156K [0x0000000080000000, 0x0000000100000000)
  region size 1024K, 35 young (35840K), 4 survivors (4096K)
 Metaspace       used 53496K, committed 54976K, reserved 1114112K
  class space    used 7193K, committed 7872K, reserved 1048576K
}
Event: 3.714 GC heap after
{Heap after GC invocations=14 (full 0):
 garbage-first heap   total 95232K, used 53288K [0x0000000080000000, 0x0000000100000000)
  region size 1024K, 3 young (3072K), 3 survivors (3072K)
 Metaspace       used 53496K, committed 54976K, reserved 1114112K
  class space    used 7193K, committed 7872K, reserved 1048576K
}
Event: 4.815 GC heap before
{Heap before GC invocations=14 (full 0):
 garbage-first heap   total 95232K, used 87080K [0x0000000080000000, 0x0000000100000000)
  region size 1024K, 34 young (34816K), 3 survivors (3072K)
 Metaspace       used 56528K, committed 58048K, reserved 1114112K
  class space    used 7679K, committed 8448K, reserved 1048576K
}
Event: 4.818 GC heap after
{Heap after GC invocations=15 (full 0):
 garbage-first heap   total 95232K, used 58081K [0x0000000080000000, 0x0000000100000000)
  region size 1024K, 5 young (5120K), 5 survivors (5120K)
 Metaspace       used 56528K, committed 58048K, reserved 1114112K
  class space    used 7679K, committed 8448K, reserved 1048576K
}
Event: 6.598 GC heap before
{Heap before GC invocations=15 (full 0):
 garbage-first heap   total 95232K, used 62177K [0x0000000080000000, 0x0000000100000000)
  region size 1024K, 11 young (11264K), 5 survivors (5120K)
 Metaspace       used 56710K, committed 58304K, reserved 1114112K
  class space    used 7682K, committed 8448K, reserved 1048576K
}
Event: 6.600 GC heap after
{Heap after GC invocations=16 (full 0):
 garbage-first heap   total 95232K, used 59498K [0x0000000080000000, 0x0000000100000000)
  region size 1024K, 2 young (2048K), 2 survivors (2048K)
 Metaspace       used 56710K, committed 58304K, reserved 1114112K
  class space    used 7682K, committed 8448K, reserved 1048576K
}
Event: 6.750 GC heap before
{Heap before GC invocations=17 (full 0):
 garbage-first heap   total 111616K, used 98410K [0x0000000080000000, 0x0000000100000000)
  region size 1024K, 27 young (27648K), 2 survivors (2048K)
 Metaspace       used 59075K, committed 60736K, reserved 1114112K
  class space    used 7893K, committed 8704K, reserved 1048576K
}
Event: 6.752 GC heap after
{Heap after GC invocations=18 (full 0):
 garbage-first heap   total 134144K, used 75596K [0x0000000080000000, 0x0000000100000000)
  region size 1024K, 4 young (4096K), 4 survivors (4096K)
 Metaspace       used 59075K, committed 60736K, reserved 1114112K
  class space    used 7893K, committed 8704K, reserved 1048576K
}
Event: 6.933 GC heap before
{Heap before GC invocations=18 (full 0):
 garbage-first heap   total 134144K, used 110412K [0x0000000080000000, 0x0000000100000000)
  region size 1024K, 38 young (38912K), 4 survivors (4096K)
 Metaspace       used 61260K, committed 62912K, reserved 1114112K
  class space    used 8220K, committed 9024K, reserved 1048576K
}
Event: 6.934 GC heap after
{Heap after GC invocations=19 (full 0):
 garbage-first heap   total 134144K, used 75583K [0x0000000080000000, 0x0000000100000000)
  region size 1024K, 2 young (2048K), 2 survivors (2048K)
 Metaspace       used 61260K, committed 62912K, reserved 1114112K
  class space    used 8220K, committed 9024K, reserved 1048576K
}
Event: 7.238 GC heap before
{Heap before GC invocations=19 (full 0):
 garbage-first heap   total 134144K, used 112447K [0x0000000080000000, 0x0000000100000000)
  region size 1024K, 38 young (38912K), 2 survivors (2048K)
 Metaspace       used 66492K, committed 68160K, reserved 1114112K
  class space    used 8976K, committed 9792K, reserved 1048576K
}
Event: 7.240 GC heap after
{Heap after GC invocations=20 (full 0):
 garbage-first heap   total 134144K, used 77215K [0x0000000080000000, 0x0000000100000000)
  region size 1024K, 3 young (3072K), 3 survivors (3072K)
 Metaspace       used 66492K, committed 68160K, reserved 1114112K
  class space    used 8976K, committed 9792K, reserved 1048576K
}
Event: 7.512 GC heap before
{Heap before GC invocations=21 (full 0):
 garbage-first heap   total 134144K, used 115103K [0x0000000080000000, 0x0000000100000000)
  region size 1024K, 40 young (40960K), 3 survivors (3072K)
 Metaspace       used 70517K, committed 72256K, reserved 1114112K
  class space    used 9640K, committed 10496K, reserved 1048576K
}
Event: 7.515 GC heap after
{Heap after GC invocations=22 (full 0):
 garbage-first heap   total 134144K, used 79614K [0x0000000080000000, 0x0000000100000000)
  region size 1024K, 5 young (5120K), 5 survivors (5120K)
 Metaspace       used 70517K, committed 72256K, reserved 1114112K
  class space    used 9640K, committed 10496K, reserved 1048576K
}

